{
    "meta": {
        "version": "7.1.0",
        "timestamp": "2024-03-18T18:46:27.430436",
        "branch_coverage": false,
        "show_contexts": false
    },
    "files": {
        "cpho/admin.py": {
            "executed_lines": [
                1,
                2,
                5,
                7,
                8,
                9
            ],
            "summary": {
                "covered_lines": 6,
                "num_statements": 6,
                "percent_covered": 100.0,
                "percent_covered_display": "100",
                "missing_lines": 0,
                "excluded_lines": 0
            },
            "missing_lines": [],
            "excluded_lines": []
        },
        "cpho/apps.py": {
            "executed_lines": [
                1,
                4,
                5,
                6
            ],
            "summary": {
                "covered_lines": 4,
                "num_statements": 4,
                "percent_covered": 100.0,
                "percent_covered_display": "100",
                "missing_lines": 0,
                "excluded_lines": 0
            },
            "missing_lines": [],
            "excluded_lines": []
        },
        "cpho/constants.py": {
            "executed_lines": [
                1,
                2,
                3,
                9,
                10,
                11,
                12,
                13,
                14
            ],
            "summary": {
                "covered_lines": 9,
                "num_statements": 9,
                "percent_covered": 100.0,
                "percent_covered_display": "100",
                "missing_lines": 0,
                "excluded_lines": 0
            },
            "missing_lines": [],
            "excluded_lines": []
        },
        "cpho/jinja_helpers.py": {
            "executed_lines": [
                1,
                3,
                4,
                5,
                7,
                8,
                10,
                12,
                13,
                14,
                16,
                19,
                20,
                21,
                22,
                24,
                27,
                29,
                31,
                37,
                39,
                41,
                44,
                45,
                51,
                52,
                53,
                56,
                68,
                74,
                75,
                76,
                80,
                88,
                89,
                96,
                97,
                98,
                99,
                101,
                104,
                112,
                113,
                124,
                125,
                129,
                130,
                131,
                134,
                135,
                144,
                146,
                151,
                152,
                153,
                182,
                183
            ],
            "summary": {
                "covered_lines": 57,
                "num_statements": 77,
                "percent_covered": 74.02597402597402,
                "percent_covered_display": "74",
                "missing_lines": 20,
                "excluded_lines": 0
            },
            "missing_lines": [
                25,
                32,
                33,
                35,
                62,
                63,
                64,
                65,
                77,
                82,
                83,
                85,
                90,
                92,
                93,
                100,
                106,
                107,
                109,
                148
            ],
            "excluded_lines": []
        },
        "cpho/management/commands/seed_programs.py": {
            "executed_lines": [
                1,
                2,
                4,
                5,
                6,
                8,
                19,
                22,
                23,
                25,
                27,
                40,
                59,
                62,
                63,
                64,
                66,
                67,
                68,
                69,
                71,
                74,
                75,
                76,
                77,
                78,
                79,
                81,
                82,
                83,
                84,
                85,
                86,
                87,
                88,
                92,
                112,
                120,
                122,
                123,
                124,
                126
            ],
            "summary": {
                "covered_lines": 41,
                "num_statements": 68,
                "percent_covered": 60.294117647058826,
                "percent_covered_display": "60",
                "missing_lines": 27,
                "excluded_lines": 0
            },
            "missing_lines": [
                28,
                34,
                41,
                47,
                48,
                51,
                52,
                53,
                56,
                70,
                93,
                94,
                95,
                96,
                98,
                99,
                101,
                102,
                103,
                104,
                105,
                106,
                107,
                109,
                110,
                125,
                127
            ],
            "excluded_lines": []
        },
        "cpho/model_factories.py": {
            "executed_lines": [
                1,
                3,
                5,
                15,
                16,
                17,
                19,
                20,
                21,
                24,
                25,
                26,
                28,
                29,
                30,
                31,
                34,
                35,
                36,
                38,
                39,
                42,
                45,
                46,
                47,
                50,
                51,
                52,
                54,
                55,
                56,
                57,
                63,
                68,
                73,
                76,
                79,
                82
            ],
            "summary": {
                "covered_lines": 38,
                "num_statements": 38,
                "percent_covered": 100.0,
                "percent_covered_display": "100",
                "missing_lines": 0,
                "excluded_lines": 0
            },
            "missing_lines": [],
            "excluded_lines": []
        },
        "cpho/models/indicators.py": {
            "executed_lines": [
                1,
                2,
                4,
                6,
                7,
                13,
                14,
                17,
                18,
                19,
                20,
                27,
                43,
                45,
                51,
                57,
                59,
                61,
                68,
                69,
                76,
                77,
                78,
                85,
                87,
                99,
                100,
                107,
                109,
                110,
                118,
                122,
                123,
                132,
                136,
                137,
                144,
                145,
                146,
                147,
                150,
                152,
                153,
                155,
                160,
                161,
                164,
                165,
                166,
                167,
                168,
                170,
                171,
                176,
                180,
                187,
                194,
                198,
                205,
                213,
                224,
                230,
                232,
                234,
                236,
                242,
                244,
                246,
                260,
                261,
                262,
                263,
                264,
                265,
                269,
                270,
                272,
                273,
                275,
                276,
                278
            ],
            "summary": {
                "covered_lines": 81,
                "num_statements": 87,
                "percent_covered": 93.10344827586206,
                "percent_covered_display": "93",
                "missing_lines": 6,
                "excluded_lines": 0
            },
            "missing_lines": [
                88,
                95,
                148,
                247,
                266,
                267
            ],
            "excluded_lines": []
        },
        "cpho/models/lookups.py": {
            "executed_lines": [
                1,
                2,
                4,
                5,
                11,
                12,
                15,
                16,
                17,
                18,
                20,
                22,
                24,
                26,
                27,
                28,
                30,
                31,
                38,
                39,
                40,
                41,
                47,
                49,
                51,
                55,
                57,
                58,
                59,
                61,
                62,
                69,
                70,
                71,
                72,
                73,
                74,
                79,
                80,
                81,
                85,
                86,
                87,
                89,
                90,
                93,
                98,
                99,
                100,
                101,
                102,
                103,
                104,
                106,
                107,
                108
            ],
            "summary": {
                "covered_lines": 56,
                "num_statements": 58,
                "percent_covered": 96.55172413793103,
                "percent_covered_display": "97",
                "missing_lines": 2,
                "excluded_lines": 0
            },
            "missing_lines": [
                91,
                96
            ],
            "excluded_lines": []
        },
        "cpho/models/metadata.py": {
            "executed_lines": [
                1,
                3,
                4,
                6,
                7,
                10,
                11,
                12,
                17,
                18,
                19,
                24,
                33,
                34,
                35,
                38,
                41
            ],
            "summary": {
                "covered_lines": 17,
                "num_statements": 17,
                "percent_covered": 100.0,
                "percent_covered_display": "100",
                "missing_lines": 0,
                "excluded_lines": 0
            },
            "missing_lines": [],
            "excluded_lines": []
        },
        "cpho/models/phacorgs.py": {
            "executed_lines": [
                1,
                2,
                4,
                5,
                8,
                9,
                12,
                13,
                16,
                17,
                18,
                22,
                23,
                26,
                27,
                28,
                32,
                33,
                34,
                35,
                36,
                37,
                38,
                40,
                41,
                42,
                44,
                45,
                46,
                47,
                49,
                51,
                52,
                53,
                54,
                56,
                63,
                64,
                67,
                68,
                71,
                72,
                75,
                76,
                79,
                80,
                83,
                84,
                85
            ],
            "summary": {
                "covered_lines": 49,
                "num_statements": 58,
                "percent_covered": 84.48275862068965,
                "percent_covered_display": "84",
                "missing_lines": 9,
                "excluded_lines": 0
            },
            "missing_lines": [
                14,
                19,
                24,
                29,
                65,
                69,
                73,
                77,
                81
            ],
            "excluded_lines": []
        },
        "cpho/models/user.py": {
            "executed_lines": [
                1,
                2,
                3,
                5,
                6,
                13,
                14,
                16,
                17,
                24,
                25,
                26,
                27,
                29,
                31,
                32,
                35,
                36
            ],
            "summary": {
                "covered_lines": 18,
                "num_statements": 20,
                "percent_covered": 90.0,
                "percent_covered_display": "90",
                "missing_lines": 2,
                "excluded_lines": 0
            },
            "missing_lines": [
                33,
                37
            ],
            "excluded_lines": []
        },
        "cpho/queries.py": {
            "executed_lines": [
                1,
                3,
                4,
                5,
                8,
                12,
                13,
                14,
                16,
                17,
                18,
                26,
                27,
                29,
                32,
                33,
                37,
                43,
                44,
                50,
                53,
                55,
                59,
                60,
                61,
                67,
                68,
                72,
                76,
                80
            ],
            "summary": {
                "covered_lines": 30,
                "num_statements": 35,
                "percent_covered": 85.71428571428571,
                "percent_covered_display": "86",
                "missing_lines": 5,
                "excluded_lines": 0
            },
            "missing_lines": [
                9,
                28,
                40,
                62,
                65
            ],
            "excluded_lines": []
        },
        "cpho/rules.py": {
            "executed_lines": [
                1,
                4,
                5,
                6,
                9,
                10,
                11,
                14,
                15,
                16,
                19,
                20,
                21,
                24,
                25,
                26,
                29,
                30,
                34,
                35,
                40,
                41,
                46,
                47,
                53,
                56,
                57,
                58,
                61,
                62,
                66,
                67,
                78,
                81,
                82,
                83,
                88,
                89,
                90,
                93,
                94,
                96,
                99,
                100,
                101,
                117,
                118,
                119,
                122,
                123,
                124,
                127,
                128,
                132
            ],
            "summary": {
                "covered_lines": 54,
                "num_statements": 58,
                "percent_covered": 93.10344827586206,
                "percent_covered_display": "93",
                "missing_lines": 4,
                "excluded_lines": 0
            },
            "missing_lines": [
                31,
                36,
                42,
                63
            ],
            "excluded_lines": []
        },
        "cpho/schema.py": {
            "executed_lines": [
                1,
                2,
                4,
                5,
                6,
                9,
                11,
                16,
                17,
                18,
                21,
                22,
                23,
                29,
                30,
                31,
                32,
                33,
                39,
                40,
                41,
                42,
                45,
                48,
                54,
                55,
                56,
                59,
                60,
                61,
                63,
                67,
                71,
                75,
                91,
                100,
                101,
                102,
                103,
                104,
                105,
                106,
                107,
                109,
                110,
                112,
                113,
                127,
                128,
                129,
                130,
                131,
                132,
                133,
                134,
                135,
                137,
                138,
                139,
                141,
                142,
                187,
                188,
                189,
                192
            ],
            "summary": {
                "covered_lines": 65,
                "num_statements": 114,
                "percent_covered": 57.01754385964912,
                "percent_covered_display": "57",
                "missing_lines": 49,
                "excluded_lines": 0
            },
            "missing_lines": [
                65,
                69,
                73,
                77,
                78,
                79,
                89,
                93,
                94,
                95,
                96,
                114,
                115,
                116,
                118,
                119,
                120,
                121,
                122,
                124,
                143,
                144,
                145,
                146,
                147,
                148,
                149,
                151,
                152,
                153,
                154,
                155,
                156,
                157,
                158,
                160,
                161,
                162,
                163,
                164,
                167,
                168,
                170,
                174,
                175,
                176,
                180,
                181,
                182
            ],
            "excluded_lines": []
        },
        "cpho/scripts/dev.py": {
            "executed_lines": [
                1,
                3,
                5,
                11,
                21,
                22,
                27,
                30,
                31,
                35,
                36,
                40,
                41,
                45,
                46,
                47,
                48,
                49,
                50,
                51,
                55,
                60,
                62,
                63,
                67,
                73,
                76
            ],
            "summary": {
                "covered_lines": 27,
                "num_statements": 55,
                "percent_covered": 49.09090909090909,
                "percent_covered_display": "49",
                "missing_lines": 28,
                "excluded_lines": 0
            },
            "missing_lines": [
                23,
                24,
                77,
                78,
                80,
                81,
                82,
                83,
                84,
                85,
                86,
                87,
                88,
                91,
                92,
                93,
                94,
                96,
                97,
                98,
                100,
                101,
                102,
                103,
                104,
                111,
                112,
                113
            ],
            "excluded_lines": []
        },
        "cpho/services.py": {
            "executed_lines": [
                1,
                3,
                4,
                7,
                8,
                11,
                12,
                13,
                14,
                17,
                18,
                20,
                21,
                22,
                24,
                28,
                29,
                30,
                31,
                33,
                41,
                42,
                46,
                47,
                49,
                50
            ],
            "summary": {
                "covered_lines": 26,
                "num_statements": 26,
                "percent_covered": 100.0,
                "percent_covered_display": "100",
                "missing_lines": 0,
                "excluded_lines": 0
            },
            "missing_lines": [],
            "excluded_lines": []
        },
        "cpho/text.py": {
            "executed_lines": [
                1,
                2,
                3,
                5,
                7,
                14,
                18,
                19,
                20,
                21,
                26,
                33,
                34,
                37,
                39,
                41,
                44,
                46,
                47,
                50,
                51,
                58
            ],
            "summary": {
                "covered_lines": 22,
                "num_statements": 30,
                "percent_covered": 73.33333333333333,
                "percent_covered_display": "73",
                "missing_lines": 8,
                "excluded_lines": 0
            },
            "missing_lines": [
                22,
                23,
                28,
                29,
                30,
                42,
                48,
                49
            ],
            "excluded_lines": []
        },
        "cpho/translations.py": {
            "executed_lines": [
                1
            ],
            "summary": {
                "covered_lines": 1,
                "num_statements": 1,
                "percent_covered": 100.0,
                "percent_covered_display": "100",
                "missing_lines": 0,
                "excluded_lines": 0
            },
            "missing_lines": [],
            "excluded_lines": []
        },
        "cpho/urls.py": {
            "executed_lines": [
                1,
                2,
                4,
                6,
                8,
                10
            ],
            "summary": {
                "covered_lines": 6,
                "num_statements": 6,
                "percent_covered": 100.0,
                "percent_covered_display": "100",
                "missing_lines": 0,
                "excluded_lines": 0
            },
            "missing_lines": [],
            "excluded_lines": []
        },
        "cpho/util.py": {
            "executed_lines": [
                1,
                3,
                5,
                7,
                10,
                11,
                12,
                14,
                17,
                18,
                19,
                20,
                21,
                24
            ],
            "summary": {
                "covered_lines": 14,
                "num_statements": 15,
                "percent_covered": 93.33333333333333,
                "percent_covered_display": "93",
                "missing_lines": 1,
                "excluded_lines": 0
            },
            "missing_lines": [
                13
            ],
            "excluded_lines": []
        },
        "cpho/views/auth.py": {
            "executed_lines": [
                1,
                2,
                3,
                4,
                5,
                8,
                9,
                11,
                18,
                19
            ],
            "summary": {
                "covered_lines": 10,
                "num_statements": 16,
                "percent_covered": 62.5,
                "percent_covered_display": "62",
                "missing_lines": 6,
                "excluded_lines": 0
            },
            "missing_lines": [
                12,
                13,
                15,
                20,
                21,
                24
            ],
            "excluded_lines": []
        },
        "cpho/views/changelog.py": {
            "executed_lines": [
                1,
                3,
                4,
                5,
                7,
                8,
                10,
                12,
                15,
                18,
                19,
                21,
                24,
                25,
                26,
                29,
                31,
                38,
                39,
                41,
                42,
                44,
                47,
                48,
                49,
                50,
                53,
                54,
                58,
                61,
                62,
                64,
                67,
                68,
                69,
                72,
                77,
                79,
                89,
                90,
                92,
                93,
                95
            ],
            "summary": {
                "covered_lines": 43,
                "num_statements": 46,
                "percent_covered": 93.47826086956522,
                "percent_covered_display": "93",
                "missing_lines": 3,
                "excluded_lines": 0
            },
            "missing_lines": [
                22,
                51,
                65
            ],
            "excluded_lines": []
        },
        "cpho/views/export_indicators.py": {
            "executed_lines": [
                1,
                3,
                4,
                5,
                7,
                8,
                11,
                12,
                13,
                19
            ],
            "summary": {
                "covered_lines": 10,
                "num_statements": 26,
                "percent_covered": 38.46153846153846,
                "percent_covered_display": "38",
                "missing_lines": 16,
                "excluded_lines": 0
            },
            "missing_lines": [
                14,
                15,
                17,
                20,
                22,
                29,
                30,
                46,
                48,
                49,
                50,
                53,
                54,
                56,
                59,
                84
            ],
            "excluded_lines": []
        },
        "cpho/views/indicator_data.py": {
            "executed_lines": [
                1,
                2,
                3,
                4,
                5,
                6,
                7,
                8,
                9,
                10,
                12,
                14,
                15,
                21,
                22,
                24,
                31,
                32,
                37,
                38,
                39,
                41,
                42,
                48,
                49,
                50,
                51,
                62,
                68,
                74,
                80,
                89,
                98,
                101,
                104,
                108,
                109,
                110,
                111,
                112,
                117,
                119,
                120,
                121,
                124,
                126,
                127,
                128,
                129,
                134,
                136,
                137,
                138,
                139,
                144,
                146,
                147,
                149,
                150,
                169,
                170,
                172,
                173,
                196,
                202,
                204,
                205,
                206,
                208,
                209,
                210,
                220,
                230,
                235,
                236,
                238,
                240,
                241,
                243,
                244,
                246,
                248,
                249,
                253,
                264,
                265,
                269,
                276,
                279,
                280,
                284,
                285,
                286,
                287,
                289,
                295,
                297,
                300,
                305,
                306,
                308,
                310,
                312,
                313,
                314,
                319,
                320,
                321,
                328,
                329,
                330,
                332,
                333,
                337,
                338,
                339,
                342,
                343,
                344,
                345,
                346,
                348,
                349,
                351,
                352,
                363,
                364,
                365,
                367,
                368,
                369,
                370,
                374,
                376,
                377,
                378,
                381,
                382,
                384,
                386,
                399
            ],
            "summary": {
                "covered_lines": 140,
                "num_statements": 162,
                "percent_covered": 86.41975308641975,
                "percent_covered_display": "86",
                "missing_lines": 22,
                "excluded_lines": 0
            },
            "missing_lines": [
                113,
                114,
                122,
                123,
                130,
                140,
                152,
                153,
                154,
                155,
                161,
                162,
                167,
                175,
                176,
                177,
                178,
                179,
                185,
                186,
                193,
                361
            ],
            "excluded_lines": []
        },
        "cpho/views/indicators.py": {
            "executed_lines": [
                1,
                2,
                3,
                4,
                5,
                6,
                14,
                16,
                17,
                18,
                19,
                21,
                24,
                25,
                26,
                27,
                36,
                39,
                49,
                58,
                61,
                65,
                76,
                77,
                78,
                80,
                86,
                87,
                88,
                90,
                91,
                97,
                98,
                99,
                101,
                102,
                103,
                105,
                106,
                117,
                125,
                128,
                129,
                131,
                132,
                133,
                135,
                136,
                137,
                146,
                147,
                148,
                152,
                153,
                162,
                163,
                170,
                171,
                172,
                173,
                175,
                176,
                178,
                179,
                183,
                184,
                190,
                191,
                192,
                193,
                195,
                198,
                204,
                211,
                212
            ],
            "summary": {
                "covered_lines": 75,
                "num_statements": 80,
                "percent_covered": 93.75,
                "percent_covered_display": "94",
                "missing_lines": 5,
                "excluded_lines": 0
            },
            "missing_lines": [
                81,
                196,
                199,
                205,
                213
            ],
            "excluded_lines": []
        },
        "cpho/views/submission.py": {
            "executed_lines": [
                1,
                2,
                3,
                4,
                5,
                6,
                7,
                8,
                9,
                10,
                11,
                13,
                15,
                20,
                26,
                27,
                28,
                29,
                31,
                38,
                41,
                42,
                43,
                45,
                46,
                52,
                57,
                59,
                66,
                69,
                77,
                83,
                84,
                86,
                87,
                88,
                90,
                91,
                92,
                101,
                102,
                104,
                106,
                107,
                108,
                112,
                113,
                114,
                116,
                117,
                125,
                126,
                127,
                128,
                129,
                130,
                132,
                133,
                137,
                138
            ],
            "summary": {
                "covered_lines": 60,
                "num_statements": 63,
                "percent_covered": 95.23809523809524,
                "percent_covered_display": "95",
                "missing_lines": 3,
                "excluded_lines": 0
            },
            "missing_lines": [
                118,
                119,
                123
            ],
            "excluded_lines": []
        },
        "cpho/views/upload_indicators.py": {
            "executed_lines": [
                1,
                2,
                4,
                5,
                6,
                7,
                8,
                9,
                11,
                13,
                20,
                22,
                25,
                26,
                30,
                39,
                64,
                141,
                151,
                284,
                285,
                286,
                288,
                294,
                299,
                302,
                309
            ],
            "summary": {
                "covered_lines": 27,
                "num_statements": 122,
                "percent_covered": 22.131147540983605,
                "percent_covered_display": "22",
                "missing_lines": 95,
                "excluded_lines": 0
            },
            "missing_lines": [
                27,
                28,
                40,
                42,
                50,
                51,
                52,
                62,
                65,
                66,
                70,
                71,
                73,
                74,
                75,
                76,
                80,
                82,
                107,
                108,
                117,
                118,
                121,
                124,
                129,
                134,
                137,
                138,
                139,
                142,
                143,
                144,
                146,
                147,
                149,
                152,
                154,
                155,
                156,
                157,
                158,
                161,
                162,
                163,
                164,
                183,
                184,
                185,
                186,
                187,
                188,
                193,
                194,
                195,
                196,
                197,
                198,
                199,
                204,
                205,
                210,
                211,
                216,
                217,
                222,
                223,
                227,
                232,
                236,
                246,
                255,
                258,
                264,
                265,
                268,
                274,
                276,
                277,
                279,
                281,
                289,
                295,
                296,
                297,
                300,
                303,
                304,
                305,
                306,
                307,
                310,
                311,
                317,
                318,
                322
            ],
            "excluded_lines": []
        },
        "cpho/views/user_management.py": {
            "executed_lines": [
                1,
                3,
                5,
                13,
                15,
                18,
                19,
                21,
                27
            ],
            "summary": {
                "covered_lines": 9,
                "num_statements": 19,
                "percent_covered": 47.36842105263158,
                "percent_covered_display": "47",
                "missing_lines": 10,
                "excluded_lines": 0
            },
            "missing_lines": [
                22,
                28,
                29,
                31,
                32,
                33,
                34,
                35,
                44,
                46
            ],
            "excluded_lines": []
        },
        "cpho/views/view_util.py": {
            "executed_lines": [
                1,
                2,
                3,
                5,
                8,
                9,
                14,
                15,
                17,
                18,
                19,
                21,
                22,
                28,
                29,
                34,
                35,
                36,
                37,
                39,
                44,
                45,
                48,
                49,
                50,
                51,
                54,
                135
            ],
            "summary": {
                "covered_lines": 26,
                "num_statements": 37,
                "percent_covered": 70.27027027027027,
                "percent_covered_display": "70",
                "missing_lines": 11,
                "excluded_lines": 0
            },
            "missing_lines": [
                46,
                55,
                56,
                59,
                60,
                64,
                136,
                137,
                142,
                144,
                187
            ],
            "excluded_lines": []
        },
        "server/config_util.py": {
            "executed_lines": [
                1,
                2,
                3,
                5,
                7,
                8,
                9,
                10,
                13,
                14,
                18,
                21,
                22,
                24,
                26,
                27,
                28,
                30,
                36,
                38,
                40
            ],
            "summary": {
                "covered_lines": 21,
                "num_statements": 21,
                "percent_covered": 100.0,
                "percent_covered_display": "100",
                "missing_lines": 0,
                "excluded_lines": 0
            },
            "missing_lines": [],
            "excluded_lines": []
        },
        "server/fields.py": {
            "executed_lines": [
                1,
                11,
                12,
                13,
                15,
                30,
                31,
                32,
                33,
                36,
                37,
                38,
                39,
                40,
                42,
                43,
                44,
                45,
                46,
                49,
                50,
                54,
                55,
                56,
                78,
                81,
                84,
                87,
                90,
                98,
                99,
                102,
                108,
                109,
                117,
                125,
                126,
                129,
                130,
                133,
                134,
                137,
                138,
                141,
                142,
                145,
                146,
                149,
                150,
                153,
                154,
                157,
                158,
                161,
                162,
                165,
                166,
                169,
                170,
                173,
                174,
                177,
                178
            ],
            "summary": {
                "covered_lines": 62,
                "num_statements": 77,
                "percent_covered": 80.51948051948052,
                "percent_covered_display": "81",
                "missing_lines": 15,
                "excluded_lines": 0
            },
            "missing_lines": [
                57,
                65,
                66,
                70,
                92,
                93,
                95,
                110,
                112,
                113,
                115,
                118,
                119,
                120,
                122
            ],
            "excluded_lines": []
        },
        "server/logging_util.py": {
            "executed_lines": [
                1,
                2,
                3,
                4,
                5,
                7,
                8,
                10,
                28,
                37,
                40,
                55,
                75,
                82,
                85,
                91,
                95,
                132,
                149,
                152,
                153,
                154,
                162,
                163,
                164,
                172,
                173,
                174,
                175,
                179,
                180,
                182,
                183,
                187,
                188,
                189,
                195,
                197,
                198,
                199,
                206,
                207,
                211,
                212,
                213
            ],
            "summary": {
                "covered_lines": 45,
                "num_statements": 46,
                "percent_covered": 97.82608695652173,
                "percent_covered_display": "98",
                "missing_lines": 1,
                "excluded_lines": 0
            },
            "missing_lines": [
                208
            ],
            "excluded_lines": []
        },
        "server/model_util.py": {
            "executed_lines": [
                1,
                3,
                4,
                5,
                7,
                10,
                11,
                12,
                15,
                16,
                17,
                18,
                19,
                21,
                22,
                32,
                33,
                34,
                37,
                38,
                39,
                41,
                49,
                50,
                51,
                53,
                54,
                57,
                63,
                64,
                65,
                70,
                77,
                79,
                81,
                84,
                85,
                88
            ],
            "summary": {
                "covered_lines": 38,
                "num_statements": 39,
                "percent_covered": 97.43589743589743,
                "percent_covered_display": "97",
                "missing_lines": 1,
                "excluded_lines": 0
            },
            "missing_lines": [
                23
            ],
            "excluded_lines": []
        },
        "server/rules_framework.py": {
            "executed_lines": [
                2,
                4,
                5,
                7,
                8,
                11,
                12,
                16,
                17,
                20,
                23,
                24,
                27,
                38,
                39,
                40,
                43
            ],
            "summary": {
                "covered_lines": 17,
                "num_statements": 25,
                "percent_covered": 68.0,
                "percent_covered_display": "68",
                "missing_lines": 8,
                "excluded_lines": 0
            },
            "missing_lines": [
                18,
                48,
                49,
                50,
                52,
                53,
                55,
                57
            ],
            "excluded_lines": []
        },
        "server/settings.py": {
            "executed_lines": [
                1,
                13,
                14,
                15,
                17,
                19,
                20,
                21,
                27,
                28,
                32,
                35,
                37,
                38,
                39,
                41,
                48,
                50,
                51,
                54,
                59,
                60,
                62,
                71,
                73,
                77,
                80,
                83,
                101,
                102,
                105,
                108,
                119,
                123,
                140,
                165,
                166,
                168,
                169,
                171,
                202,
                208,
                219,
                220,
                230,
                236,
                238,
                257,
                259,
                261,
                263,
                265,
                271,
                275,
                283,
                285
            ],
            "summary": {
                "covered_lines": 55,
                "num_statements": 68,
                "percent_covered": 80.88235294117646,
                "percent_covered_display": "81",
                "missing_lines": 13,
                "excluded_lines": 0
            },
            "missing_lines": [
                42,
                45,
                46,
                64,
                65,
                66,
                90,
                91,
                92,
                94,
                95,
                112,
                113
            ],
            "excluded_lines": []
        },
        "server/urls.py": {
            "executed_lines": [
                1,
                2,
                3,
                4,
                5,
                7,
                10,
                12,
                13,
                19
            ],
            "summary": {
                "covered_lines": 10,
                "num_statements": 12,
                "percent_covered": 83.33333333333333,
                "percent_covered_display": "83",
                "missing_lines": 2,
                "excluded_lines": 0
            },
            "missing_lines": [
                14,
                16
            ],
            "excluded_lines": []
        }
    },
    "totals": {
        "covered_lines": 1269,
        "num_statements": 1641,
        "percent_covered": 77.3308957952468,
        "percent_covered_display": "77",
        "missing_lines": 372,
        "excluded_lines": 0
    }
}